20220901 150250 INFO  DSMADMC pid: [51439]
20220901 150250 INFO  DSMADMC pid: [51439]
20220901 150251 INFO Rule file imported as starters:
['ACCept',
 'ACTivate',
 'ASsign',
 'BAckup',
 'DEFine',
 'DELete',
 'Help!',
 'Query',
 'REMove',
 'SHow',
 'Exit',
 'QUIt',
 'BYe',
 'Logout',
 'REload',
 'RULer',
 'debug',
 'grep',
 'invgrep',
 'count',
 'mailto',
 'SPadmin']
20220901 150251 INFO Rule file imported as other rules:
{'ACCept': ['Date'],
 'ACTivate': ['POlicyset'],
 'ACTivate POlicyset': ['select domain_name from domains'],
 'ACTivate POlicyset \\w+': ['select set_name from policysets where set_name '
                             "!= 'ACTIVE' and domain_name like upper( '-2' )"],
 'ACtlog': [],
 'ASSOCiation': [],
 'ASsign': ['DEFMGmtclass'],
 'ASsign DEFMGmtclass': ['select domain_name from domains'],
 'ASsign DEFMGmtclass \\w+': ['select set_name from policysets where set_name '
                              "!= 'ACTIVE' and domain_name like upper( '-2' )"],
 'ASsign DEFMGmtclass \\w+ \\w+': ['select class_name from mgmtclasses where '
                                   "domain_name = upper( '-3' )"],
 'Actlog': [],
 'BAckup': ['DB', 'DEVCONFig', 'VOLHistory'],
 'BAckup DEVCONFig': ['Filenames='],
 'BAckup VOLHistory': ['Filenames='],
 'CLIENTName=': [],
 'CONFig': [],
 'DB': [],
 'DEBUG': [],
 'DEFMGmtclass': [],
 'DEFine': ['ASSOCiation'],
 'DEFine ASSOCiation': ['select domain_name from domains'],
 'DEFine ASSOCiation \\w+': ['select schedule_name from client_schedules where '
                             "domain_name like upper( '-2' )"],
 'DEFine ASSOCiation \\w+ \\w+': ['select node_name from nodes where '
                                  "domain_name like upper( '-3' )"],
 'DELete': ['STGpool'],
 'DEVCONFig': [],
 'DOmain=': [],
 'Date': [],
 'ENVinronment': [],
 'Filenames=': [],
 'Format=': [],
 'LICense': [],
 'LOG': [],
 'MAXTHRoughput=': [],
 'MINTIMethreshold=': [],
 'Node': [],
 'POlicyset': [],
 'PROCessinfo': [],
 'PRocess': [],
 'Query': ['ACtlog',
           'LICense',
           'Node',
           'SEssion',
           'STGpool',
           'STGPOOLDIRectory',
           'LOG',
           'PRocess'],
 'Query LOG': ['Format='],
 'Query Node': ['select node_name from nodes', 'DOmain=', 'Format=', 'Type='],
 'Query Node DOmain=': ["select concat( '%PREFIX%', domain_name) from domains "
                        '{Prefix: DOmain=}'],
 'Query Node \\w+': ['DOmain=', 'Format=', 'Type='],
 'Query Node \\w+ DOmain=': ["select concat( '%PREFIX%', domain_name) from "
                             'domains {Prefix: DOmain=}'],
 'Query PRocess': ['select process_num from processes'],
 'Query SEssion': ['select session_id from sessions',
                   'MINTIMethreshold=',
                   'MAXTHRoughput=',
                   'Format=',
                   'Type=',
                   'CLIENTName='],
 'Query SEssion \\d+': ['MINTIMethreshold=',
                        'MAXTHRoughput=',
                        'Format=',
                        'Type=',
                        'CLIENTName='],
 'Query STGpool': ['select stgpool_name from stgpools'],
 'REMove': ['Node'],
 'SET': [],
 'SEssion': [],
 'SHow': ['TIME', 'Stgp', 'Actlog', 'LOG'],
 'SPadmin': ['UPDate', 'VERsion', 'SHow', 'SET'],
 'SPadmin SET': ['DEBUG'],
 'SPadmin SHow': ['CONFig', 'ENVinronment', 'PROCessinfo'],
 'STGPOOLDIRectory': [],
 'STGpool': [],
 'Stgp': [],
 'TIME': [],
 'Type=': [],
 'UPDate': [],
 'VERsion': [],
 'VOLHistory': [],
 'parancs': [],
 "select class_name from mgmtclasses where domain_name = upper( '-3' )": [],
 "select concat( '%PREFIX%', domain_name) from domains {Prefix: DOmain=}": [],
 'select domain_name from domains': [],
 'select node_name from nodes': [],
 "select node_name from nodes where domain_name like upper( '-3' )": [],
 'select process_num from processes': [],
 "select schedule_name from client_schedules where domain_name like upper( '-2' )": [],
 'select session_id from sessions': [],
 "select set_name from policysets where set_name != 'ACTIVE' and domain_name like upper( '-2' )": [],
 'select stgpool_name from stgpools': [],
 'teszt': ['parancs']}
20220901 150251 INFO INPUT LOOP START  ----------------------------------------------------------------------------------------------------- 
20220901 150308 INFO 
20220901 150308 INFO COMPLETER Text:  -------------------------------------------------------------------------------------- [] and state[0].
20220901 150308 INFO Readline buffer: [].
20220901 150308 INFO  PROCESS TOKENS, received tokens: ['']
20220901 150308 INFO  Stepped into LEVEL 1.
20220901 150308 INFO  found this part [] of the command in the 1st LEVEL list items: [ACCept].
20220901 150308 INFO  found this part [] of the command in the 1st LEVEL list items: [ACTivate].
20220901 150308 INFO  found this part [] of the command in the 1st LEVEL list items: [ASsign].
20220901 150308 INFO  found this part [] of the command in the 1st LEVEL list items: [BAckup].
20220901 150308 INFO  found this part [] of the command in the 1st LEVEL list items: [DEFine].
20220901 150308 INFO  found this part [] of the command in the 1st LEVEL list items: [DELete].
20220901 150308 INFO  found this part [] of the command in the 1st LEVEL list items: [Help!].
20220901 150308 INFO  found this part [] of the command in the 1st LEVEL list items: [Query].
20220901 150308 INFO  found this part [] of the command in the 1st LEVEL list items: [REMove].
20220901 150308 INFO  found this part [] of the command in the 1st LEVEL list items: [SHow].
20220901 150308 INFO  found this part [] of the command in the 1st LEVEL list items: [Exit].
20220901 150308 INFO  found this part [] of the command in the 1st LEVEL list items: [QUIt].
20220901 150308 INFO  found this part [] of the command in the 1st LEVEL list items: [BYe].
20220901 150308 INFO  found this part [] of the command in the 1st LEVEL list items: [Logout].
20220901 150308 INFO  found this part [] of the command in the 1st LEVEL list items: [REload].
20220901 150308 INFO  found this part [] of the command in the 1st LEVEL list items: [RULer].
20220901 150308 INFO  found this part [] of the command in the 1st LEVEL list items: [debug].
20220901 150308 INFO  found this part [] of the command in the 1st LEVEL list items: [grep].
20220901 150308 INFO  found this part [] of the command in the 1st LEVEL list items: [invgrep].
20220901 150308 INFO  found this part [] of the command in the 1st LEVEL list items: [count].
20220901 150308 INFO  found this part [] of the command in the 1st LEVEL list items: [mailto].
20220901 150308 INFO  found this part [] of the command in the 1st LEVEL list items: [SPadmin].
20220901 150308 INFO  Here's what we have in ret: [['ACCept ',
 'ACTivate ',
 'ASsign ',
 'BAckup ',
 'DEFine ',
 'DELete ',
 'Help! ',
 'Query ',
 'REMove ',
 'SHow ',
 'Exit ',
 'QUIt ',
 'BYe ',
 'Logout ',
 'REload ',
 'RULer ',
 'debug ',
 'grep ',
 'invgrep ',
 'count ',
 'mailto ',
 'SPadmin ']]
20220901 150308 INFO  PROCESS RETURNED.
20220901 150308 INFO RETURNED results from the engine: ['ACCept ',
 'ACTivate ',
 'ASsign ',
 'BAckup ',
 'DEFine ',
 'DELete ',
 'Help! ',
 'Query ',
 'REMove ',
 'SHow ',
 'Exit ',
 'QUIt ',
 'BYe ',
 'Logout ',
 'REload ',
 'RULer ',
 'debug ',
 'grep ',
 'invgrep ',
 'count ',
 'mailto ',
 'SPadmin ',
 None]
20220901 150308 INFO : ['ACTivate ',
 'ASsign ',
 'BAckup ',
 'DEFine ',
 'DELete ',
 'Help! ',
 'Query ',
 'REMove ',
 'SHow ',
 'Exit ',
 'QUIt ',
 'BYe ',
 'Logout ',
 'REload ',
 'RULer ',
 'debug ',
 'grep ',
 'invgrep ',
 'count ',
 'mailto ',
 'SPadmin ',
 None]
20220901 150308 INFO COMPLETER results push cycle: [ACCept ] ------------------------------------------------------------------------ [0] [].
20220901 150308 INFO 
20220901 150308 INFO COMPLETER Text:  -------------------------------------------------------------------------------------- [] and state[1].
20220901 150308 INFO 
20220901 150308 INFO COMPLETER Text:  -------------------------------------------------------------------------------------- [] and state[2].
20220901 150308 INFO 
20220901 150308 INFO COMPLETER Text:  -------------------------------------------------------------------------------------- [] and state[3].
20220901 150308 INFO 
20220901 150308 INFO COMPLETER Text:  -------------------------------------------------------------------------------------- [] and state[4].
20220901 150308 INFO 
20220901 150308 INFO COMPLETER Text:  -------------------------------------------------------------------------------------- [] and state[5].
20220901 150308 INFO 
20220901 150308 INFO COMPLETER Text:  -------------------------------------------------------------------------------------- [] and state[6].
20220901 150308 INFO 
20220901 150308 INFO COMPLETER Text:  -------------------------------------------------------------------------------------- [] and state[7].
20220901 150308 INFO 
20220901 150308 INFO COMPLETER Text:  -------------------------------------------------------------------------------------- [] and state[8].
20220901 150308 INFO 
20220901 150308 INFO COMPLETER Text:  -------------------------------------------------------------------------------------- [] and state[9].
20220901 150308 INFO 
20220901 150308 INFO COMPLETER Text:  ------------------------------------------------------------------------------------- [] and state[10].
20220901 150308 INFO 
20220901 150308 INFO COMPLETER Text:  ------------------------------------------------------------------------------------- [] and state[11].
20220901 150308 INFO 
20220901 150308 INFO COMPLETER Text:  ------------------------------------------------------------------------------------- [] and state[12].
20220901 150308 INFO 
20220901 150308 INFO COMPLETER Text:  ------------------------------------------------------------------------------------- [] and state[13].
20220901 150308 INFO 
20220901 150308 INFO COMPLETER Text:  ------------------------------------------------------------------------------------- [] and state[14].
20220901 150308 INFO 
20220901 150308 INFO COMPLETER Text:  ------------------------------------------------------------------------------------- [] and state[15].
20220901 150308 INFO 
20220901 150308 INFO COMPLETER Text:  ------------------------------------------------------------------------------------- [] and state[16].
20220901 150308 INFO 
20220901 150308 INFO COMPLETER Text:  ------------------------------------------------------------------------------------- [] and state[17].
20220901 150308 INFO 
20220901 150308 INFO COMPLETER Text:  ------------------------------------------------------------------------------------- [] and state[18].
20220901 150308 INFO 
20220901 150308 INFO COMPLETER Text:  ------------------------------------------------------------------------------------- [] and state[19].
20220901 150308 INFO 
20220901 150308 INFO COMPLETER Text:  ------------------------------------------------------------------------------------- [] and state[20].
20220901 150308 INFO 
20220901 150308 INFO COMPLETER Text:  ------------------------------------------------------------------------------------- [] and state[21].
20220901 150308 INFO 
20220901 150308 INFO COMPLETER Text:  ------------------------------------------------------------------------------------- [] and state[22].
20220901 150308 INFO 
20220901 150308 INFO COMPLETER Text:  -------------------------------------------------------------------------------------- [] and state[0].
20220901 150308 INFO Readline buffer: [].
20220901 150308 INFO  PROCESS TOKENS, received tokens: ['']
20220901 150308 INFO  Stepped into LEVEL 1.
20220901 150308 INFO  found this part [] of the command in the 1st LEVEL list items: [ACCept].
20220901 150308 INFO  found this part [] of the command in the 1st LEVEL list items: [ACTivate].
20220901 150308 INFO  found this part [] of the command in the 1st LEVEL list items: [ASsign].
20220901 150308 INFO  found this part [] of the command in the 1st LEVEL list items: [BAckup].
20220901 150308 INFO  found this part [] of the command in the 1st LEVEL list items: [DEFine].
20220901 150308 INFO  found this part [] of the command in the 1st LEVEL list items: [DELete].
20220901 150308 INFO  found this part [] of the command in the 1st LEVEL list items: [Help!].
20220901 150308 INFO  found this part [] of the command in the 1st LEVEL list items: [Query].
20220901 150308 INFO  found this part [] of the command in the 1st LEVEL list items: [REMove].
20220901 150308 INFO  found this part [] of the command in the 1st LEVEL list items: [SHow].
20220901 150308 INFO  found this part [] of the command in the 1st LEVEL list items: [Exit].
20220901 150308 INFO  found this part [] of the command in the 1st LEVEL list items: [QUIt].
20220901 150308 INFO  found this part [] of the command in the 1st LEVEL list items: [BYe].
20220901 150308 INFO  found this part [] of the command in the 1st LEVEL list items: [Logout].
20220901 150308 INFO  found this part [] of the command in the 1st LEVEL list items: [REload].
20220901 150308 INFO  found this part [] of the command in the 1st LEVEL list items: [RULer].
20220901 150308 INFO  found this part [] of the command in the 1st LEVEL list items: [debug].
20220901 150308 INFO  found this part [] of the command in the 1st LEVEL list items: [grep].
20220901 150308 INFO  found this part [] of the command in the 1st LEVEL list items: [invgrep].
20220901 150308 INFO  found this part [] of the command in the 1st LEVEL list items: [count].
20220901 150308 INFO  found this part [] of the command in the 1st LEVEL list items: [mailto].
20220901 150308 INFO  found this part [] of the command in the 1st LEVEL list items: [SPadmin].
20220901 150308 INFO  Here's what we have in ret: [['ACCept ',
 'ACTivate ',
 'ASsign ',
 'BAckup ',
 'DEFine ',
 'DELete ',
 'Help! ',
 'Query ',
 'REMove ',
 'SHow ',
 'Exit ',
 'QUIt ',
 'BYe ',
 'Logout ',
 'REload ',
 'RULer ',
 'debug ',
 'grep ',
 'invgrep ',
 'count ',
 'mailto ',
 'SPadmin ']]
20220901 150308 INFO  PROCESS RETURNED.
20220901 150308 INFO RETURNED results from the engine: ['ACCept ',
 'ACTivate ',
 'ASsign ',
 'BAckup ',
 'DEFine ',
 'DELete ',
 'Help! ',
 'Query ',
 'REMove ',
 'SHow ',
 'Exit ',
 'QUIt ',
 'BYe ',
 'Logout ',
 'REload ',
 'RULer ',
 'debug ',
 'grep ',
 'invgrep ',
 'count ',
 'mailto ',
 'SPadmin ',
 None]
20220901 150308 INFO : ['ACTivate ',
 'ASsign ',
 'BAckup ',
 'DEFine ',
 'DELete ',
 'Help! ',
 'Query ',
 'REMove ',
 'SHow ',
 'Exit ',
 'QUIt ',
 'BYe ',
 'Logout ',
 'REload ',
 'RULer ',
 'debug ',
 'grep ',
 'invgrep ',
 'count ',
 'mailto ',
 'SPadmin ',
 None]
20220901 150308 INFO COMPLETER results push cycle: [ACCept ] ------------------------------------------------------------------------ [0] [].
20220901 150308 INFO 
20220901 150308 INFO COMPLETER Text:  -------------------------------------------------------------------------------------- [] and state[1].
20220901 150308 INFO 
20220901 150308 INFO COMPLETER Text:  -------------------------------------------------------------------------------------- [] and state[2].
20220901 150308 INFO 
20220901 150308 INFO COMPLETER Text:  -------------------------------------------------------------------------------------- [] and state[3].
20220901 150308 INFO 
20220901 150308 INFO COMPLETER Text:  -------------------------------------------------------------------------------------- [] and state[4].
20220901 150308 INFO 
20220901 150308 INFO COMPLETER Text:  -------------------------------------------------------------------------------------- [] and state[5].
20220901 150308 INFO 
20220901 150308 INFO COMPLETER Text:  -------------------------------------------------------------------------------------- [] and state[6].
20220901 150308 INFO 
20220901 150308 INFO COMPLETER Text:  -------------------------------------------------------------------------------------- [] and state[7].
20220901 150308 INFO 
20220901 150308 INFO COMPLETER Text:  -------------------------------------------------------------------------------------- [] and state[8].
20220901 150308 INFO 
20220901 150308 INFO COMPLETER Text:  -------------------------------------------------------------------------------------- [] and state[9].
20220901 150308 INFO 
20220901 150308 INFO COMPLETER Text:  ------------------------------------------------------------------------------------- [] and state[10].
20220901 150308 INFO 
20220901 150308 INFO COMPLETER Text:  ------------------------------------------------------------------------------------- [] and state[11].
20220901 150308 INFO 
20220901 150308 INFO COMPLETER Text:  ------------------------------------------------------------------------------------- [] and state[12].
20220901 150308 INFO 
20220901 150308 INFO COMPLETER Text:  ------------------------------------------------------------------------------------- [] and state[13].
20220901 150308 INFO 
20220901 150308 INFO COMPLETER Text:  ------------------------------------------------------------------------------------- [] and state[14].
20220901 150308 INFO 
20220901 150308 INFO COMPLETER Text:  ------------------------------------------------------------------------------------- [] and state[15].
20220901 150308 INFO 
20220901 150308 INFO COMPLETER Text:  ------------------------------------------------------------------------------------- [] and state[16].
20220901 150308 INFO 
20220901 150308 INFO COMPLETER Text:  ------------------------------------------------------------------------------------- [] and state[17].
20220901 150308 INFO 
20220901 150308 INFO COMPLETER Text:  ------------------------------------------------------------------------------------- [] and state[18].
20220901 150308 INFO 
20220901 150308 INFO COMPLETER Text:  ------------------------------------------------------------------------------------- [] and state[19].
20220901 150308 INFO 
20220901 150308 INFO COMPLETER Text:  ------------------------------------------------------------------------------------- [] and state[20].
20220901 150308 INFO 
20220901 150308 INFO COMPLETER Text:  ------------------------------------------------------------------------------------- [] and state[21].
20220901 150308 INFO 
20220901 150308 INFO COMPLETER Text:  ------------------------------------------------------------------------------------- [] and state[22].
20220901 150311 INFO  DSMADMC pid2: [51526]
20220901 150312 INFO  DSMADMC pid2: [51526]
20220901 150314 INFO  DSMADMC pid2: [51526]
20220901 150324 INFO  DSMADMC pid2: [51526]
20220901 150326 INFO 
20220901 150326 INFO COMPLETER Text:  ------------------------------------------------------------------------------------ [lo] and state[0].
20220901 150326 INFO Readline buffer: [q lo].
20220901 150326 INFO  PROCESS TOKENS, received tokens: ['q', 'lo']
20220901 150326 INFO  Stepped into LEVEL 2.
20220901 150326 INFO  Found this part [q] of the command in the 2nd LEVEL dictionary items: [Query].
20220901 150326 INFO  Let's continue searching with this pattern [['ACtlog', 'LICense', 'Node', 'SEssion', 'STGpool', 'STGPOOLDIRectory', 'LOG', 'PRocess']]
20220901 150326 INFO  as (regexp) starts with [lo > LOG]
20220901 150326 INFO  Here's what we have in ret: [['LOG ']]
20220901 150326 INFO  PROCESS RETURNED.
20220901 150326 INFO RETURNED results from the engine: ['LOG ', None]
20220901 150326 INFO : [None]
20220901 150326 INFO COMPLETER results push cycle: [LOG ] --------------------------------------------------------------------------- [0] [].
20220901 150326 INFO 
20220901 150326 INFO COMPLETER Text:  ------------------------------------------------------------------------------------ [lo] and state[1].
20220901 150326 INFO  DSMADMC pid2: [51526]
20220901 150347 INFO  DSMADMC pid2: [51526]
20220901 150348 INFO  DSMADMC pid2: [51526]
20220901 150357 INFO 
20220901 150357 INFO COMPLETER Text:  ------------------------------------------------------------------------------------ [sh] and state[0].
20220901 150357 INFO Readline buffer: [sh].
20220901 150357 INFO  PROCESS TOKENS, received tokens: ['sh']
20220901 150357 INFO  Stepped into LEVEL 1.
20220901 150357 INFO  found this part [sh] of the command in the 1st LEVEL list items: [SHow].
20220901 150357 INFO  Here's what we have in ret: [['SHow ']]
20220901 150357 INFO  PROCESS RETURNED.
20220901 150357 INFO RETURNED results from the engine: ['SHow ', None]
20220901 150357 INFO : [None]
20220901 150357 INFO COMPLETER results push cycle: [SHow ] -------------------------------------------------------------------------- [0] [].
20220901 150357 INFO 
20220901 150357 INFO COMPLETER Text:  ------------------------------------------------------------------------------------ [sh] and state[1].
20220901 150402 INFO 
20220901 150402 INFO COMPLETER Text:  ----------------------------------------------------------------------------------- [dsm] and state[0].
20220901 150402 INFO Readline buffer: [dsm].
20220901 150402 INFO  PROCESS TOKENS, received tokens: ['dsm']
20220901 150402 INFO  Stepped into LEVEL 1.
20220901 150402 INFO  Here's what we have in ret: [[]]
20220901 150402 INFO  PROCESS RETURNED.
20220901 150402 INFO RETURNED results from the engine: [None]
20220901 150402 INFO : []
20220901 150402 INFO COMPLETER RESULT PUSH CYCLES ENDED! --------------------------------------------------------------------------
20220901 150402 INFO 
20220901 150403 INFO 
20220901 150403 INFO COMPLETER Text:  ------------------------------------------------------------------------------------ [sp] and state[0].
20220901 150403 INFO Readline buffer: [sp].
20220901 150403 INFO  PROCESS TOKENS, received tokens: ['sp']
20220901 150403 INFO  Stepped into LEVEL 1.
20220901 150403 INFO  found this part [sp] of the command in the 1st LEVEL list items: [SPadmin].
20220901 150403 INFO  Here's what we have in ret: [['SPadmin ']]
20220901 150403 INFO  PROCESS RETURNED.
20220901 150403 INFO RETURNED results from the engine: ['SPadmin ', None]
20220901 150403 INFO : [None]
20220901 150403 INFO COMPLETER results push cycle: [SPadmin ] ----------------------------------------------------------------------- [0] [].
20220901 150403 INFO 
20220901 150403 INFO COMPLETER Text:  ------------------------------------------------------------------------------------ [sp] and state[1].
20220901 150405 INFO 
20220901 150405 INFO COMPLETER Text:  ------------------------------------------------------------------------------------ [sh] and state[0].
20220901 150405 INFO Readline buffer: [SPadmin sh].
20220901 150405 INFO  PROCESS TOKENS, received tokens: ['SPadmin', 'sh']
20220901 150405 INFO  Stepped into LEVEL 2.
20220901 150405 INFO  Found this part [SPadmin] of the command in the 2nd LEVEL dictionary items: [SPadmin].
20220901 150405 INFO  Let's continue searching with this pattern [['SHow']]
20220901 150405 INFO  as (regexp) starts with [sh > SHow]
20220901 150405 INFO  Found this part [SPadmin] of the command in the 2nd LEVEL dictionary items: [Stgp].
20220901 150405 INFO  Let's continue searching with this pattern [[]]
20220901 150405 INFO  Here's what we have in ret: [['SHow ']]
20220901 150405 INFO  PROCESS RETURNED.
20220901 150405 INFO RETURNED results from the engine: ['SHow ', None]
20220901 150405 INFO : [None]
20220901 150405 INFO COMPLETER results push cycle: [SHow ] -------------------------------------------------------------------------- [0] [].
20220901 150405 INFO 
20220901 150405 INFO COMPLETER Text:  ------------------------------------------------------------------------------------ [sh] and state[1].
20220901 150406 INFO 
20220901 150406 INFO COMPLETER Text:  ------------------------------------------------------------------------------------ [ve] and state[0].
20220901 150406 INFO Readline buffer: [SPadmin SHow ve].
20220901 150406 INFO  PROCESS TOKENS, received tokens: ['SPadmin', 'SHow', 've']
20220901 150406 INFO  Stepped into LEVEL 3.
20220901 150406 INFO  and found [SPadmin SHow] command in the 3rd LEVEL dictionary item: [SPadmin SHow].
20220901 150406 INFO  let's continue searching with this item(s) [['CAche', 'VERsion']]
20220901 150406 INFO  as a regexp starts with [ve > VERsion]
20220901 150406 INFO  Here's what we have in ret: [['VERsion ']]
20220901 150406 INFO  PROCESS RETURNED.
20220901 150406 INFO RETURNED results from the engine: ['VERsion ', None]
20220901 150406 INFO : [None]
20220901 150406 INFO COMPLETER results push cycle: [VERsion ] ----------------------------------------------------------------------- [0] [].
20220901 150406 INFO 
20220901 150406 INFO COMPLETER Text:  ------------------------------------------------------------------------------------ [ve] and state[1].
20220901 150410 INFO 
20220901 150410 INFO COMPLETER Text:  ------------------------------------------------------------------------------------ [no] and state[0].
20220901 150410 INFO Readline buffer: [q no].
20220901 150410 INFO  PROCESS TOKENS, received tokens: ['q', 'no']
20220901 150410 INFO  Stepped into LEVEL 2.
20220901 150410 INFO  Found this part [q] of the command in the 2nd LEVEL dictionary items: [Query].
20220901 150410 INFO  Let's continue searching with this pattern [['ACtlog', 'LICense', 'Node', 'SEssion', 'STGpool', 'STGPOOLDIRectory', 'LOG', 'PRocess']]
20220901 150410 INFO  as (regexp) starts with [no > Node]
20220901 150410 INFO  Here's what we have in ret: [['Node ']]
20220901 150410 INFO  PROCESS RETURNED.
20220901 150410 INFO RETURNED results from the engine: ['Node ', None]
20220901 150410 INFO : [None]
20220901 150410 INFO COMPLETER results push cycle: [Node ] -------------------------------------------------------------------------- [0] [].
20220901 150410 INFO 
20220901 150410 INFO COMPLETER Text:  ------------------------------------------------------------------------------------ [no] and state[1].
20220901 150411 INFO 
20220901 150411 INFO COMPLETER Text:  -------------------------------------------------------------------------------------- [] and state[0].
20220901 150411 INFO Readline buffer: [q Node ].
20220901 150411 INFO  PROCESS TOKENS, received tokens: ['q', 'Node', '']
20220901 150411 INFO  Stepped into LEVEL 3.
20220901 150411 INFO  and found [q Node] command in the 3rd LEVEL dictionary item: [Query Node].
20220901 150411 INFO  let's continue searching with this item(s) [['select node_name from nodes', 'DOmain=', 'Format=', 'Type=']]
20220901 150411 INFO  it's an SQL select [ > select node_name from nodes]
20220901 150411 INFO  SP SQL Engine reached with this select: [select node_name from nodes] command and
20220901 150411 INFO  SP SQL Engine reached with these tokens: [['q', 'Node', '']].
20220901 150411 INFO  SP SQL Engine still no cached data store a new one.
20220901 150411 INFO  DSMADMC pid: [51439]
20220901 150411 INFO  as a regexp starts with [ > DOmain=]
20220901 150411 INFO  as a regexp starts with [ > Format=]
20220901 150411 INFO  as a regexp starts with [ > Type=]
20220901 150411 INFO  Here's what we have in ret: [['FLEXS-MACBOOK-PRO.LOCAL ', 'BLACKHOLE ', 'AD1BUD1HU.20220901 ', 'CEVA_BACKUP ', 'AD2BUD1HU ', 'AD2BUD1HU_TECH ', 'DFS1BUD1HU.20220901 ', 'DOmain=', 'Format=', 'Type=']]
20220901 150411 INFO  PROCESS RETURNED.
20220901 150411 INFO RETURNED results from the engine: ['FLEXS-MACBOOK-PRO.LOCAL ', 'BLACKHOLE ', 'AD1BUD1HU.20220901 ', 'CEVA_BACKUP ', 'AD2BUD1HU ', 'AD2BUD1HU_TECH ', 'DFS1BUD1HU.20220901 ', 'DOmain=', 'Format=', 'Type=', None]
20220901 150411 INFO : ['BLACKHOLE ', 'AD1BUD1HU.20220901 ', 'CEVA_BACKUP ', 'AD2BUD1HU ', 'AD2BUD1HU_TECH ', 'DFS1BUD1HU.20220901 ', 'DOmain=', 'Format=', 'Type=', None]
20220901 150411 INFO COMPLETER results push cycle: [FLEXS-MACBOOK-PRO.LOCAL ] ------------------------------------------------------- [0] [].
20220901 150411 INFO 
20220901 150411 INFO COMPLETER Text:  -------------------------------------------------------------------------------------- [] and state[1].
20220901 150411 INFO 
20220901 150411 INFO COMPLETER Text:  -------------------------------------------------------------------------------------- [] and state[2].
20220901 150411 INFO 
20220901 150411 INFO COMPLETER Text:  -------------------------------------------------------------------------------------- [] and state[3].
20220901 150411 INFO 
20220901 150411 INFO COMPLETER Text:  -------------------------------------------------------------------------------------- [] and state[4].
20220901 150411 INFO 
20220901 150411 INFO COMPLETER Text:  -------------------------------------------------------------------------------------- [] and state[5].
20220901 150411 INFO 
20220901 150411 INFO COMPLETER Text:  -------------------------------------------------------------------------------------- [] and state[6].
20220901 150411 INFO 
20220901 150411 INFO COMPLETER Text:  -------------------------------------------------------------------------------------- [] and state[7].
20220901 150411 INFO 
20220901 150411 INFO COMPLETER Text:  -------------------------------------------------------------------------------------- [] and state[8].
20220901 150411 INFO 
20220901 150411 INFO COMPLETER Text:  -------------------------------------------------------------------------------------- [] and state[9].
20220901 150411 INFO 
20220901 150411 INFO COMPLETER Text:  ------------------------------------------------------------------------------------- [] and state[10].
20220901 150411 INFO 
20220901 150411 INFO COMPLETER Text:  -------------------------------------------------------------------------------------- [] and state[0].
20220901 150411 INFO Readline buffer: [q Node ].
20220901 150411 INFO  PROCESS TOKENS, received tokens: ['q', 'Node', '']
20220901 150411 INFO  Stepped into LEVEL 3.
20220901 150411 INFO  and found [q Node] command in the 3rd LEVEL dictionary item: [Query Node].
20220901 150411 INFO  let's continue searching with this item(s) [['select node_name from nodes', 'DOmain=', 'Format=', 'Type=']]
20220901 150411 INFO  it's an SQL select [ > select node_name from nodes]
20220901 150411 INFO  SP SQL Engine reached with this select: [select node_name from nodes] command and
20220901 150411 INFO  SP SQL Engine reached with these tokens: [['q', 'Node', '']].
20220901 150411 INFO  as a regexp starts with [ > DOmain=]
20220901 150411 INFO  as a regexp starts with [ > Format=]
20220901 150411 INFO  as a regexp starts with [ > Type=]
20220901 150411 INFO  Here's what we have in ret: [['FLEXS-MACBOOK-PRO.LOCAL ', 'BLACKHOLE ', 'AD1BUD1HU.20220901 ', 'CEVA_BACKUP ', 'AD2BUD1HU ', 'AD2BUD1HU_TECH ', 'DFS1BUD1HU.20220901 ', 'DOmain=', 'Format=', 'Type=']]
20220901 150411 INFO  PROCESS RETURNED.
20220901 150411 INFO RETURNED results from the engine: ['FLEXS-MACBOOK-PRO.LOCAL ', 'BLACKHOLE ', 'AD1BUD1HU.20220901 ', 'CEVA_BACKUP ', 'AD2BUD1HU ', 'AD2BUD1HU_TECH ', 'DFS1BUD1HU.20220901 ', 'DOmain=', 'Format=', 'Type=', None]
20220901 150411 INFO : ['BLACKHOLE ', 'AD1BUD1HU.20220901 ', 'CEVA_BACKUP ', 'AD2BUD1HU ', 'AD2BUD1HU_TECH ', 'DFS1BUD1HU.20220901 ', 'DOmain=', 'Format=', 'Type=', None]
20220901 150411 INFO COMPLETER results push cycle: [FLEXS-MACBOOK-PRO.LOCAL ] ------------------------------------------------------- [0] [].
20220901 150411 INFO 
20220901 150411 INFO COMPLETER Text:  -------------------------------------------------------------------------------------- [] and state[1].
20220901 150411 INFO 
20220901 150411 INFO COMPLETER Text:  -------------------------------------------------------------------------------------- [] and state[2].
20220901 150411 INFO 
20220901 150411 INFO COMPLETER Text:  -------------------------------------------------------------------------------------- [] and state[3].
20220901 150411 INFO 
20220901 150411 INFO COMPLETER Text:  -------------------------------------------------------------------------------------- [] and state[4].
20220901 150411 INFO 
20220901 150411 INFO COMPLETER Text:  -------------------------------------------------------------------------------------- [] and state[5].
20220901 150411 INFO 
20220901 150411 INFO COMPLETER Text:  -------------------------------------------------------------------------------------- [] and state[6].
20220901 150411 INFO 
20220901 150411 INFO COMPLETER Text:  -------------------------------------------------------------------------------------- [] and state[7].
20220901 150411 INFO 
20220901 150411 INFO COMPLETER Text:  -------------------------------------------------------------------------------------- [] and state[8].
20220901 150411 INFO 
20220901 150411 INFO COMPLETER Text:  -------------------------------------------------------------------------------------- [] and state[9].
20220901 150411 INFO 
20220901 150411 INFO COMPLETER Text:  ------------------------------------------------------------------------------------- [] and state[10].
20220901 150412 INFO  DSMADMC pid2: [51526]
20220901 150415 INFO 
20220901 150415 INFO COMPLETER Text:  ------------------------------------------------------------------------------------ [ds] and state[0].
20220901 150415 INFO Readline buffer: [ds].
20220901 150415 INFO  PROCESS TOKENS, received tokens: ['ds']
20220901 150415 INFO  Stepped into LEVEL 1.
20220901 150415 INFO  Here's what we have in ret: [[]]
20220901 150415 INFO  PROCESS RETURNED.
20220901 150415 INFO RETURNED results from the engine: [None]
20220901 150415 INFO : []
20220901 150415 INFO COMPLETER RESULT PUSH CYCLES ENDED! --------------------------------------------------------------------------
20220901 150415 INFO 
20220901 150417 INFO 
20220901 150417 INFO COMPLETER Text:  ------------------------------------------------------------------------------------ [sp] and state[0].
20220901 150417 INFO Readline buffer: [sp].
20220901 150417 INFO  PROCESS TOKENS, received tokens: ['sp']
20220901 150417 INFO  Stepped into LEVEL 1.
20220901 150417 INFO  found this part [sp] of the command in the 1st LEVEL list items: [SPadmin].
20220901 150417 INFO  Here's what we have in ret: [['SPadmin ']]
20220901 150417 INFO  PROCESS RETURNED.
20220901 150417 INFO RETURNED results from the engine: ['SPadmin ', None]
20220901 150417 INFO : [None]
20220901 150417 INFO COMPLETER results push cycle: [SPadmin ] ----------------------------------------------------------------------- [0] [].
20220901 150417 INFO 
20220901 150417 INFO COMPLETER Text:  ------------------------------------------------------------------------------------ [sp] and state[1].
20220901 150424 INFO 
20220901 150424 INFO COMPLETER Text:  ------------------------------------------------------------------------------------ [ca] and state[0].
20220901 150424 INFO Readline buffer: [sp sh ca].
20220901 150424 INFO  PROCESS TOKENS, received tokens: ['sp', 'sh', 'ca']
20220901 150424 INFO  Stepped into LEVEL 3.
20220901 150424 INFO  and found [sp sh] command in the 3rd LEVEL dictionary item: [SPadmin SHow].
20220901 150424 INFO  let's continue searching with this item(s) [['CAche', 'VERsion']]
20220901 150424 INFO  as a regexp starts with [ca > CAche]
20220901 150424 INFO  Here's what we have in ret: [['CAche ']]
20220901 150424 INFO  PROCESS RETURNED.
20220901 150424 INFO RETURNED results from the engine: ['CAche ', None]
20220901 150424 INFO : [None]
20220901 150424 INFO COMPLETER results push cycle: [CAche ] ------------------------------------------------------------------------- [0] [].
20220901 150424 INFO 
20220901 150424 INFO COMPLETER Text:  ------------------------------------------------------------------------------------ [ca] and state[1].
20220901 150511 INFO  DSMADMC pid2: [51526]
20220901 150514 INFO 
20220901 150514 INFO COMPLETER Text:  -------------------------------------------------------------------------------------- [] and state[0].
20220901 150514 INFO Readline buffer: [q proc ].
20220901 150514 INFO  PROCESS TOKENS, received tokens: ['q', 'proc', '']
20220901 150514 INFO  Stepped into LEVEL 3.
20220901 150514 INFO  and found [q proc] command in the 3rd LEVEL dictionary item: [Query PRocess].
20220901 150514 INFO  let's continue searching with this item(s) [['select process_num from processes']]
20220901 150514 INFO  it's an SQL select [ > select process_num from processes]
20220901 150514 INFO  SP SQL Engine reached with this select: [select process_num from processes] command and
20220901 150514 INFO  SP SQL Engine reached with these tokens: [['q', 'proc', '']].
20220901 150514 INFO  SP SQL Engine still no cached data store a new one.
20220901 150514 INFO  DSMADMC pid: [51439]
20220901 150515 INFO  Here's what we have in ret: [['305 ', '309 ']]
20220901 150515 INFO  PROCESS RETURNED.
20220901 150515 INFO RETURNED results from the engine: ['305 ', '309 ', None]
20220901 150515 INFO : ['309 ', None]
20220901 150515 INFO COMPLETER results push cycle: [305 ] --------------------------------------------------------------------------- [0] [].
20220901 150515 INFO 
20220901 150515 INFO COMPLETER Text:  -------------------------------------------------------------------------------------- [] and state[1].
20220901 150515 INFO 
20220901 150515 INFO COMPLETER Text:  -------------------------------------------------------------------------------------- [] and state[2].
20220901 150515 INFO 
20220901 150515 INFO COMPLETER Text:  ------------------------------------------------------------------------------------ [30] and state[0].
20220901 150515 INFO Readline buffer: [q proc 30].
20220901 150515 INFO  PROCESS TOKENS, received tokens: ['q', 'proc', '30']
20220901 150515 INFO  Stepped into LEVEL 3.
20220901 150515 INFO  and found [q proc] command in the 3rd LEVEL dictionary item: [Query PRocess].
20220901 150515 INFO  let's continue searching with this item(s) [['select process_num from processes']]
20220901 150515 INFO  it's an SQL select [30 > select process_num from processes]
20220901 150515 INFO  SP SQL Engine reached with this select: [select process_num from processes] command and
20220901 150515 INFO  SP SQL Engine reached with these tokens: [['q', 'proc', '30']].
20220901 150515 INFO  Here's what we have in ret: [['305 ', '309 ']]
20220901 150515 INFO  PROCESS RETURNED.
20220901 150515 INFO RETURNED results from the engine: ['305 ', '309 ', None]
20220901 150515 INFO : ['309 ', None]
20220901 150515 INFO COMPLETER results push cycle: [305 ] --------------------------------------------------------------------------- [0] [].
20220901 150515 INFO 
20220901 150515 INFO COMPLETER Text:  ------------------------------------------------------------------------------------ [30] and state[1].
20220901 150515 INFO 
20220901 150515 INFO COMPLETER Text:  ------------------------------------------------------------------------------------ [30] and state[2].
20220901 150649 INFO 
20220901 150649 INFO COMPLETER Text:  ---------------------------------------------------------------------------------- [node] and state[0].
20220901 150649 INFO Readline buffer: [q node].
20220901 150649 INFO  PROCESS TOKENS, received tokens: ['q', 'node']
20220901 150649 INFO  Stepped into LEVEL 2.
20220901 150649 INFO  Found this part [q] of the command in the 2nd LEVEL dictionary items: [Query].
20220901 150649 INFO  Let's continue searching with this pattern [['ACtlog', 'LICense', 'Node', 'SEssion', 'STGpool', 'STGPOOLDIRectory', 'LOG', 'PRocess']]
20220901 150649 INFO  as (regexp) starts with [node > Node]
20220901 150649 INFO  Here's what we have in ret: [['Node ']]
20220901 150649 INFO  PROCESS RETURNED.
20220901 150649 INFO RETURNED results from the engine: ['Node ', None]
20220901 150649 INFO : [None]
20220901 150649 INFO COMPLETER results push cycle: [Node ] -------------------------------------------------------------------------- [0] [].
20220901 150649 INFO 
20220901 150649 INFO COMPLETER Text:  ---------------------------------------------------------------------------------- [node] and state[1].
20220901 150650 INFO 
20220901 150650 INFO COMPLETER Text:  -------------------------------------------------------------------------------------- [] and state[0].
20220901 150650 INFO Readline buffer: [q Node ].
20220901 150650 INFO  PROCESS TOKENS, received tokens: ['q', 'Node', '']
20220901 150650 INFO  Stepped into LEVEL 3.
20220901 150650 INFO  and found [q Node] command in the 3rd LEVEL dictionary item: [Query Node].
20220901 150650 INFO  let's continue searching with this item(s) [['select node_name from nodes', 'DOmain=', 'Format=', 'Type=']]
20220901 150650 INFO  it's an SQL select [ > select node_name from nodes]
20220901 150650 INFO  SP SQL Engine reached with this select: [select node_name from nodes] command and
20220901 150650 INFO  SP SQL Engine reached with these tokens: [['q', 'Node', '']].
20220901 150650 INFO  SP SQL Engine hit the cache but the stored one is too old.
20220901 150650 INFO  CACHE TIMEDIFF in second(s): [158.90447998046875].
20220901 150650 INFO  DSMADMC pid: [51439]
20220901 150650 INFO  as a regexp starts with [ > DOmain=]
20220901 150650 INFO  as a regexp starts with [ > Format=]
20220901 150650 INFO  as a regexp starts with [ > Type=]
20220901 150650 INFO  Here's what we have in ret: [['FLEXS-MACBOOK-PRO.LOCAL ', 'BLACKHOLE ', 'AD1BUD1HU.20220901 ', 'CEVA_BACKUP ', 'AD2BUD1HU ', 'AD2BUD1HU_TECH ', 'DFS1BUD1HU.20220901 ', 'DOmain=', 'Format=', 'Type=']]
20220901 150650 INFO  PROCESS RETURNED.
20220901 150650 INFO RETURNED results from the engine: ['FLEXS-MACBOOK-PRO.LOCAL ', 'BLACKHOLE ', 'AD1BUD1HU.20220901 ', 'CEVA_BACKUP ', 'AD2BUD1HU ', 'AD2BUD1HU_TECH ', 'DFS1BUD1HU.20220901 ', 'DOmain=', 'Format=', 'Type=', None]
20220901 150650 INFO : ['BLACKHOLE ', 'AD1BUD1HU.20220901 ', 'CEVA_BACKUP ', 'AD2BUD1HU ', 'AD2BUD1HU_TECH ', 'DFS1BUD1HU.20220901 ', 'DOmain=', 'Format=', 'Type=', None]
20220901 150650 INFO COMPLETER results push cycle: [FLEXS-MACBOOK-PRO.LOCAL ] ------------------------------------------------------- [0] [].
20220901 150650 INFO 
20220901 150650 INFO COMPLETER Text:  -------------------------------------------------------------------------------------- [] and state[1].
20220901 150650 INFO 
20220901 150650 INFO COMPLETER Text:  -------------------------------------------------------------------------------------- [] and state[2].
20220901 150650 INFO 
20220901 150650 INFO COMPLETER Text:  -------------------------------------------------------------------------------------- [] and state[3].
20220901 150650 INFO 
20220901 150650 INFO COMPLETER Text:  -------------------------------------------------------------------------------------- [] and state[4].
20220901 150650 INFO 
20220901 150650 INFO COMPLETER Text:  -------------------------------------------------------------------------------------- [] and state[5].
20220901 150650 INFO 
20220901 150650 INFO COMPLETER Text:  -------------------------------------------------------------------------------------- [] and state[6].
20220901 150650 INFO 
20220901 150650 INFO COMPLETER Text:  -------------------------------------------------------------------------------------- [] and state[7].
20220901 150650 INFO 
20220901 150650 INFO COMPLETER Text:  -------------------------------------------------------------------------------------- [] and state[8].
20220901 150650 INFO 
20220901 150650 INFO COMPLETER Text:  -------------------------------------------------------------------------------------- [] and state[9].
20220901 150650 INFO 
20220901 150650 INFO COMPLETER Text:  ------------------------------------------------------------------------------------- [] and state[10].
20220901 150651 INFO 
20220901 150651 INFO COMPLETER Text:  -------------------------------------------------------------------------------------- [] and state[0].
20220901 150651 INFO Readline buffer: [q Node ].
20220901 150651 INFO  PROCESS TOKENS, received tokens: ['q', 'Node', '']
20220901 150651 INFO  Stepped into LEVEL 3.
20220901 150651 INFO  and found [q Node] command in the 3rd LEVEL dictionary item: [Query Node].
20220901 150651 INFO  let's continue searching with this item(s) [['select node_name from nodes', 'DOmain=', 'Format=', 'Type=']]
20220901 150651 INFO  it's an SQL select [ > select node_name from nodes]
20220901 150651 INFO  SP SQL Engine reached with this select: [select node_name from nodes] command and
20220901 150651 INFO  SP SQL Engine reached with these tokens: [['q', 'Node', '']].
20220901 150651 INFO  as a regexp starts with [ > DOmain=]
20220901 150651 INFO  as a regexp starts with [ > Format=]
20220901 150651 INFO  as a regexp starts with [ > Type=]
20220901 150651 INFO  Here's what we have in ret: [['FLEXS-MACBOOK-PRO.LOCAL ', 'BLACKHOLE ', 'AD1BUD1HU.20220901 ', 'CEVA_BACKUP ', 'AD2BUD1HU ', 'AD2BUD1HU_TECH ', 'DFS1BUD1HU.20220901 ', 'DOmain=', 'Format=', 'Type=']]
20220901 150651 INFO  PROCESS RETURNED.
20220901 150651 INFO RETURNED results from the engine: ['FLEXS-MACBOOK-PRO.LOCAL ', 'BLACKHOLE ', 'AD1BUD1HU.20220901 ', 'CEVA_BACKUP ', 'AD2BUD1HU ', 'AD2BUD1HU_TECH ', 'DFS1BUD1HU.20220901 ', 'DOmain=', 'Format=', 'Type=', None]
20220901 150651 INFO : ['BLACKHOLE ', 'AD1BUD1HU.20220901 ', 'CEVA_BACKUP ', 'AD2BUD1HU ', 'AD2BUD1HU_TECH ', 'DFS1BUD1HU.20220901 ', 'DOmain=', 'Format=', 'Type=', None]
20220901 150651 INFO COMPLETER results push cycle: [FLEXS-MACBOOK-PRO.LOCAL ] ------------------------------------------------------- [0] [].
20220901 150651 INFO 
20220901 150651 INFO COMPLETER Text:  -------------------------------------------------------------------------------------- [] and state[1].
20220901 150651 INFO 
20220901 150651 INFO COMPLETER Text:  -------------------------------------------------------------------------------------- [] and state[2].
20220901 150651 INFO 
20220901 150651 INFO COMPLETER Text:  -------------------------------------------------------------------------------------- [] and state[3].
20220901 150651 INFO 
20220901 150651 INFO COMPLETER Text:  -------------------------------------------------------------------------------------- [] and state[4].
20220901 150651 INFO 
20220901 150651 INFO COMPLETER Text:  -------------------------------------------------------------------------------------- [] and state[5].
20220901 150651 INFO 
20220901 150651 INFO COMPLETER Text:  -------------------------------------------------------------------------------------- [] and state[6].
20220901 150651 INFO 
20220901 150651 INFO COMPLETER Text:  -------------------------------------------------------------------------------------- [] and state[7].
20220901 150651 INFO 
20220901 150651 INFO COMPLETER Text:  -------------------------------------------------------------------------------------- [] and state[8].
20220901 150651 INFO 
20220901 150651 INFO COMPLETER Text:  -------------------------------------------------------------------------------------- [] and state[9].
20220901 150651 INFO 
20220901 150651 INFO COMPLETER Text:  ------------------------------------------------------------------------------------- [] and state[10].
