20221012 084616 INFO START ----------------------------------------------------------------------------------------------------------------- 
20221012 084616 INFO START ----------------------------------------------------------------------------------------------------------------- 
20221012 084616 INFO START ----------------------------------------------------------------------------------------------------------------- 
20221012 084654 INFO START ----------------------------------------------------------------------------------------------------------------- 
20221012 084654 INFO START ----------------------------------------------------------------------------------------------------------------- 
20221012 084654 INFO START ----------------------------------------------------------------------------------------------------------------- 
20221012 084655 INFO Command will be sent to dsmadmc: select SERVER_NAME from STATUS
20221012 084655 INFO Command will be sent to dsmadmc: select VERSION, RELEASE, LEVEL, SUBLEVEL from STATUS
20221012 084656 INFO SQL prefetch for readline queries.
20221012 084656 INFO Command will be sent to dsmadmc: select node_name from nodes
20221012 084656 INFO Command will be sent to dsmadmc: select domain_name from domains
20221012 084656 INFO Command will be sent to dsmadmc: select stgpool_name from stgpools
20221012 084702 INFO COMMAND line received: [e 1].
20221012 084702 INFO Base command: [e 1] and extras: {}
20221012 084702 INFO Program execution time: 0:00:07.444891s
20221012 084702 INFO Background dsmadmc processes cleaning...
20221012 084703 INFO Command will be sent to dsmadmc: quit
20221012 084705 INFO END ------------------------------------------------------------------------------------------------------------------- 
20221012 084705 INFO END ------------------------------------------------------------------------------------------------------------------- 
20221012 084705 INFO END ------------------------------------------------------------------------------------------------------------------- 
